Flow report for proyecto
Sun Nov 25 23:57:54 2018
Quartus II 64-Bit Version 13.0.1 Build 232 06/12/2013 Service Pack 1 SJ Web Edition


---------------------
; Table of Contents ;
---------------------
  1. Legal Notice
  2. Flow Summary
  3. Flow Settings
  4. Flow Non-Default Global Settings
  5. Flow Elapsed Time
  6. Flow OS Summary
  7. Flow Log
  8. Flow Messages
  9. Flow Suppressed Messages



----------------
; Legal Notice ;
----------------
Copyright (C) 1991-2013 Altera Corporation
Your use of Altera Corporation's design tools, logic functions 
and other software and tools, and its AMPP partner logic 
functions, and any output files from any of the foregoing 
(including device programming or simulation files), and any 
associated documentation or information are expressly subject 
to the terms and conditions of the Altera Program License 
Subscription Agreement, Altera MegaCore Function License 
Agreement, or other applicable license agreement, including, 
without limitation, that your use is for the sole purpose of 
programming logic devices manufactured by Altera and sold by 
Altera or its authorized distributors.  Please refer to the 
applicable agreement for further details.



+--------------------------------------------------------------------------------------+
; Flow Summary                                                                         ;
+------------------------------------+-------------------------------------------------+
; Flow Status                        ; Successful - Sun Nov 25 23:57:54 2018           ;
; Quartus II 64-Bit Version          ; 13.0.1 Build 232 06/12/2013 SP 1 SJ Web Edition ;
; Revision Name                      ; proyecto                                        ;
; Top-level Entity Name              ; main                                            ;
; Family                             ; Cyclone II                                      ;
; Device                             ; EP2C20F484C7                                    ;
; Timing Models                      ; Final                                           ;
; Total logic elements               ; 1,352 / 18,752 ( 7 % )                          ;
;     Total combinational functions  ; 1,158 / 18,752 ( 6 % )                          ;
;     Dedicated logic registers      ; 471 / 18,752 ( 3 % )                            ;
; Total registers                    ; 471                                             ;
; Total pins                         ; 175 / 315 ( 56 % )                              ;
; Total virtual pins                 ; 0                                               ;
; Total memory bits                  ; 0 / 239,616 ( 0 % )                             ;
; Embedded Multiplier 9-bit elements ; 0 / 52 ( 0 % )                                  ;
; Total PLLs                         ; 0 / 4 ( 0 % )                                   ;
+------------------------------------+-------------------------------------------------+


+-----------------------------------------+
; Flow Settings                           ;
+-------------------+---------------------+
; Option            ; Setting             ;
+-------------------+---------------------+
; Start date & time ; 11/25/2018 23:55:39 ;
; Main task         ; Compilation         ;
; Revision Name     ; proyecto            ;
+-------------------+---------------------+


+----------------------------------------------------------------------------------------------------------------------+
; Flow Non-Default Global Settings                                                                                     ;
+-------------------------------------+---------------------------------+---------------+-------------+----------------+
; Assignment Name                     ; Value                           ; Default Value ; Entity Name ; Section Id     ;
+-------------------------------------+---------------------------------+---------------+-------------+----------------+
; COMPILER_SIGNATURE_ID               ; 101504288136917.154320813910780 ; --            ; --          ; --             ;
; EDA_GENERATE_FUNCTIONAL_NETLIST     ; On                              ; --            ; --          ; eda_simulation ;
; EDA_OUTPUT_DATA_FORMAT              ; Verilog Hdl                     ; --            ; --          ; eda_simulation ;
; EDA_SIMULATION_TOOL                 ; ModelSim-Altera (Verilog)       ; <None>        ; --          ; --             ;
; EDA_TIME_SCALE                      ; 1 ps                            ; --            ; --          ; eda_simulation ;
; MAX_CORE_JUNCTION_TEMP              ; 85                              ; --            ; --          ; --             ;
; MIN_CORE_JUNCTION_TEMP              ; 0                               ; --            ; --          ; --             ;
; PARTITION_COLOR                     ; 16764057                        ; --            ; main        ; Top            ;
; PARTITION_FITTER_PRESERVATION_LEVEL ; PLACEMENT_AND_ROUTING           ; --            ; main        ; Top            ;
; PARTITION_NETLIST_TYPE              ; SOURCE                          ; --            ; main        ; Top            ;
; PROJECT_OUTPUT_DIRECTORY            ; output_files                    ; --            ; --          ; --             ;
; TOP_LEVEL_ENTITY                    ; main                            ; proyecto      ; --          ; --             ;
+-------------------------------------+---------------------------------+---------------+-------------+----------------+


+-------------------------------------------------------------------------------------------------------------------------------+
; Flow Elapsed Time                                                                                                             ;
+---------------------------+--------------+-------------------------+---------------------+------------------------------------+
; Module Name               ; Elapsed Time ; Average Processors Used ; Peak Virtual Memory ; Total CPU Time (on all processors) ;
+---------------------------+--------------+-------------------------+---------------------+------------------------------------+
; Analysis & Synthesis      ; 00:00:12     ; 1.0                     ; 4670 MB             ; 00:00:10                           ;
; Fitter                    ; 00:00:16     ; 1.0                     ; 4899 MB             ; 00:00:16                           ;
; Assembler                 ; 00:00:02     ; 1.0                     ; 4579 MB             ; 00:00:02                           ;
; TimeQuest Timing Analyzer ; 00:00:03     ; 1.0                     ; 4588 MB             ; 00:00:02                           ;
; EDA Netlist Writer        ; 00:00:01     ; 1.0                     ; 4541 MB             ; 00:00:01                           ;
; EDA Netlist Writer        ; 00:00:01     ; 1.0                     ; 4544 MB             ; 00:00:01                           ;
; EDA Netlist Writer        ; 00:00:01     ; 1.0                     ; 4549 MB             ; 00:00:01                           ;
; EDA Netlist Writer        ; 00:00:01     ; 1.0                     ; 4544 MB             ; 00:00:01                           ;
; EDA Netlist Writer        ; 00:00:01     ; 1.0                     ; 4549 MB             ; 00:00:01                           ;
; Total                     ; 00:00:38     ; --                      ; --                  ; 00:00:35                           ;
+---------------------------+--------------+-------------------------+---------------------+------------------------------------+


+----------------------------------------------------------------------------------------+
; Flow OS Summary                                                                        ;
+---------------------------+------------------+-----------+------------+----------------+
; Module Name               ; Machine Hostname ; OS Name   ; OS Version ; Processor type ;
+---------------------------+------------------+-----------+------------+----------------+
; Analysis & Synthesis      ; VeronicaT        ; Windows 7 ; 6.2        ; x86_64         ;
; Fitter                    ; VeronicaT        ; Windows 7 ; 6.2        ; x86_64         ;
; Assembler                 ; VeronicaT        ; Windows 7 ; 6.2        ; x86_64         ;
; TimeQuest Timing Analyzer ; VeronicaT        ; Windows 7 ; 6.2        ; x86_64         ;
; EDA Netlist Writer        ; VeronicaT        ; Windows 7 ; 6.2        ; x86_64         ;
; EDA Netlist Writer        ; VeronicaT        ; Windows 7 ; 6.2        ; x86_64         ;
; EDA Netlist Writer        ; VeronicaT        ; Windows 7 ; 6.2        ; x86_64         ;
; EDA Netlist Writer        ; VeronicaT        ; Windows 7 ; 6.2        ; x86_64         ;
; EDA Netlist Writer        ; VeronicaT        ; Windows 7 ; 6.2        ; x86_64         ;
+---------------------------+------------------+-----------+------------+----------------+


------------
; Flow Log ;
------------
quartus_map --read_settings_files=on --write_settings_files=off proyecto -c proyecto
quartus_fit --read_settings_files=off --write_settings_files=off proyecto -c proyecto
quartus_asm --read_settings_files=off --write_settings_files=off proyecto -c proyecto
quartus_sta proyecto -c proyecto
quartus_eda --read_settings_files=off --write_settings_files=off proyecto -c proyecto
quartus_eda --gen_testbench --check_outputs=on --tool=modelsim_oem --format=verilog proyecto -c proyecto --vector_source=C:/VHDL/ProyectoFinalYes/proyectoTablaMendel/main.vwf --testbench_file=./simulation/qsim/proyecto.vt
quartus_eda --functional=on --simulation=on --tool=modelsim_oem --format=verilog proyecto -c proyecto
quartus_eda --gen_testbench --check_outputs=on --tool=modelsim_oem --format=verilog proyecto -c proyecto --vector_source=C:/VHDL/ProyectoFinalYes/proyectoTablaMendel/main.vwf --testbench_file=./simulation/qsim/proyecto.vt
quartus_eda --functional=on --simulation=on --tool=modelsim_oem --format=verilog proyecto -c proyecto



